2025-09-10 11:35:57:3557 [31merror[39m: [31mFailed to start the server: relation "FeedBatches" does not exist[39m
2025-09-10 11:36:13:3613 [31merror[39m: [31mFailed to start the server: relation "FeedBatches" does not exist[39m
2025-09-10 11:36:23:3623 [31merror[39m: [31mFailed to start the server: relation "FeedBatches" does not exist[39m
2025-09-10 11:36:47:3647 [31merror[39m: [31mFailed to start the server: relation "FeedBatches" does not exist[39m
2025-09-10 11:37:08:378 [31merror[39m: [31mFailed to start the server: relation "FeedBatches" does not exist[39m
2025-09-10 11:37:19:3719 [31merror[39m: [31mFailed to start the server: relation "FeedBatches" does not exist[39m
2025-09-10 11:37:25:3725 [31merror[39m: [31mFailed to start the server: relation "FeedBatches" does not exist[39m
2025-09-10 11:37:59:3759 [31merror[39m: [31mFailed to start the server: relation "FeedBatches" does not exist[39m
2025-09-10 11:38:24:3824 [31merror[39m: [31mFailed to start the server: relation "FeedBatches" does not exist[39m
2025-09-10 11:38:41:3841 [31merror[39m: [31mFailed to start the server: relation "FeedBatches" does not exist[39m
2025-09-10 11:43:01:431 [31merror[39m: [31mFailed to start the server: relation "FeedBatches" does not exist[39m
2025-09-10 11:43:23:4323 [31merror[39m: [31mFailed to start the server: relation "FeedBatches" does not exist[39m
2025-09-10 11:43:39:4339 [31merror[39m: [31mFailed to start the server: relation "FeedBatches" does not exist[39m
2025-09-10 11:44:18:4418 [31merror[39m: [31mFailed to start the server: relation "FeedBatches" does not exist[39m
2025-09-10 11:50:32:5032 [31merror[39m: [31mFailed to start the server: relation "FeedBatches" does not exist[39m
2025-09-10 11:50:49:5049 [31merror[39m: [31mFailed to start the server: relation "FeedBatches" does not exist[39m
2025-09-11 10:46:18:4618 [31merror[39m: [31mOperating costs for this month already exist - POST /api/costs/operating - ::1[39m
2025-09-11 10:54:17:5417 [31merror[39m: [31mFailed to start the server: relation "Houses" does not exist[39m
2025-09-11 10:54:25:5425 [31merror[39m: [31mFailed to start the server: relation "Houses" does not exist[39m
2025-09-11 10:54:55:5455 [31merror[39m: [31mFailed to start the server: relation "Houses" does not exist[39m
2025-09-11 10:55:13:5513 [31merror[39m: [31mFailed to start the server: relation "Houses" does not exist[39m
2025-09-11 10:55:26:5526 [31merror[39m: [31mFailed to start the server: relation "Houses" does not exist[39m
2025-09-11 10:55:42:5542 [31merror[39m: [31mFailed to start the server: relation "Houses" does not exist[39m
2025-09-11 10:56:03:563 [31merror[39m: [31mFailed to start the server: relation "Houses" does not exist[39m
2025-09-11 11:05:58:558 [31merror[39m: [31mFailed to start the server: relation "Houses" does not exist[39m
2025-09-11 11:08:36:836 [31merror[39m: [31mFailed to start the server: relation "Houses" does not exist[39m
2025-09-11 11:09:31:931 [31merror[39m: [31mFailed to start the server: relation "House" does not exist[39m
2025-09-11 11:10:57:1057 [31merror[39m: [31mFailed to start the server: relation "house" does not exist[39m
2025-09-11 11:11:04:114 [31merror[39m: [31mFailed to start the server: relation "House" does not exist[39m
2025-09-11 11:11:08:118 [31merror[39m: [31mFailed to start the server: relation "House" does not exist[39m
2025-09-11 11:14:07:147 [31merror[39m: [31mFailed to start the server: relation "House" does not exist[39m
2025-09-11 11:22:10:2210 [31merror[39m: [31mFailed to start the server: relation "Houses" does not exist[39m
2025-09-11 11:31:17:3117 [31merror[39m: [31mFailed to start the server: relation "Houses" does not exist[39m
2025-09-11 11:32:39:3239 [31merror[39m: [31mFailed to start the server: column "costType" does not exist[39m
2025-09-11 11:32:58:3258 [31merror[39m: [31mFailed to start the server: column "costType" does not exist[39m
2025-09-11 11:35:47:3547 [31merror[39m: [31mFailed to start the server: column "costType" does not exist[39m
2025-09-11 11:36:00:360 [31merror[39m: [31mFailed to start the server: column "costType" does not exist[39m
2025-09-11 11:43:27:4327 [31merror[39m: [31mFailed to start the server: column "costType" does not exist[39m
2025-09-11 11:43:44:4344 [31merror[39m: [31mFailed to start the server: column "costType" does not exist[39m
